0 info it worked if it ends with ok
1 verbose cli [ 'C:\\Program Files\\nodejs\\node.exe',
1 verbose cli   'C:\\Program Files\\nodejs\\node_modules\\npm\\bin\\npm-cli.js',
1 verbose cli   'start' ]
2 info using npm@3.10.10
3 info using node@v6.10.1
4 verbose run-script [ 'prestart', 'start', 'poststart' ]
5 info lifecycle test_npm@1.0.0~prestart: test_npm@1.0.0
6 silly lifecycle test_npm@1.0.0~prestart: no script for prestart, continuing
7 info lifecycle test_npm@1.0.0~start: test_npm@1.0.0
8 verbose lifecycle test_npm@1.0.0~start: unsafe-perm in lifecycle true
9 verbose lifecycle test_npm@1.0.0~start: PATH: C:\Program Files\nodejs\node_modules\npm\bin\node-gyp-bin;E:\OneDrive\Online_Courses\Node.js\TwitterBot\node_modules\.bin;%SystemRoot%\system32\WindowsPowerShell\v1.0\;C:\ProgramData\Oracle\Java\javapath;C:\Windows\system32;C:\Windows;C:\Windows\System32\Wbem;C:\Windows\System32\WindowsPowerShell\v1.0\;C:\Program Files\MATLAB\R2014a\runtime\win32;C:\Program Files\MATLAB\R2014a\bin;C:\Program Files\MATLAB\R2014a\polyspace\bin;C:\Program Files\mingw-w64\i686-6.2.0-posix-dwarf-rt_v5-rev0\mingw32\bin;C:\Program Files\Git\cmd;C:\Program Files\Git\mingw32\bin;C:\Program Files\Git\usr\bin;C:\Program Files\nodejs\;C:\Windows\system32\WindowsPowerShell\v1.0\;C:\ProgramData\Oracle\Java\javapath;C:\Windows\system32;C:\Windows;C:\Windows\System32\Wbem;C:\Windows\System32\WindowsPowerShell\v1.0\;C:\Program Files\MATLAB\R2014a\runtime\win32;C:\Program Files\MATLAB\R2014a\bin;C:\Program Files\MATLAB\R2014a\polyspace\bin;C:\Program Files\mingw-w64\i686-6.2.0-posix-dwarf-rt_v5-rev0\mingw32\bin;C:\Users\Nithin\AppData\Local\atom\bin;C:\PYTHON27;C:\PYTHON27\Scripts;C:\Program Files\Heroku\bin;C:\texlive\2016\bin\win32;C:\Users\Nithin\AppData\Roaming\npm
10 verbose lifecycle test_npm@1.0.0~start: CWD: E:\OneDrive\Online_Courses\Node.js\TwitterBot
11 silly lifecycle test_npm@1.0.0~start: Args: [ '/d /s /c', 'node bot.js' ]
12 silly lifecycle test_npm@1.0.0~start: Returned: code: 1  signal: null
13 info lifecycle test_npm@1.0.0~start: Failed to exec start script
14 verbose stack Error: test_npm@1.0.0 start: `node bot.js`
14 verbose stack Exit status 1
14 verbose stack     at EventEmitter.<anonymous> (C:\Program Files\nodejs\node_modules\npm\lib\utils\lifecycle.js:255:16)
14 verbose stack     at emitTwo (events.js:106:13)
14 verbose stack     at EventEmitter.emit (events.js:191:7)
14 verbose stack     at ChildProcess.<anonymous> (C:\Program Files\nodejs\node_modules\npm\lib\utils\spawn.js:40:14)
14 verbose stack     at emitTwo (events.js:106:13)
14 verbose stack     at ChildProcess.emit (events.js:191:7)
14 verbose stack     at maybeClose (internal/child_process.js:886:16)
14 verbose stack     at Process.ChildProcess._handle.onexit (internal/child_process.js:226:5)
15 verbose pkgid test_npm@1.0.0
16 verbose cwd E:\OneDrive\Online_Courses\Node.js\TwitterBot
17 error Windows_NT 6.1.7601
18 error argv "C:\\Program Files\\nodejs\\node.exe" "C:\\Program Files\\nodejs\\node_modules\\npm\\bin\\npm-cli.js" "start"
19 error node v6.10.1
20 error npm  v3.10.10
21 error code ELIFECYCLE
22 error test_npm@1.0.0 start: `node bot.js`
22 error Exit status 1
23 error Failed at the test_npm@1.0.0 start script 'node bot.js'.
23 error Make sure you have the latest version of node.js and npm installed.
23 error If you do, this is most likely a problem with the test_npm package,
23 error not with npm itself.
23 error Tell the author that this fails on your system:
23 error     node bot.js
23 error You can get information on how to open an issue for this project with:
23 error     npm bugs test_npm
23 error Or if that isn't available, you can get their info via:
23 error     npm owner ls test_npm
23 error There is likely additional logging output above.
24 verbose exit [ 1, true ]
